<?xml version="1.0" encoding="UTF-8"?>
<!-- Generated by org.testng.reporters.JUnitReportReporter -->
<testsuite hostname="WKWZTe4PEuMmcft" failures="0" tests="2" name="Report.LoginTest" time="19.981" errors="0" timestamp="2022-11-23T08:15:56 IST" skipped="0">
  <testcase classname="Report.LoginTest" name="validUsernameandPassword" time="7.320"/>
  <system-out/>
  <testcase classname="Report.LoginTest" name="invalidUsernameandPassword" time="12.661"/>
  <system-out/>
</testsuite> <!-- Report.LoginTest -->
