<?xml version="1.0" encoding="UTF-8"?>
<!-- Generated by org.testng.reporters.JUnitReportReporter -->
<testsuite hostname="WKWZTe4PEuMmcft" failures="0" tests="5" name="Report.TestClass1" time="28.249" errors="0" timestamp="2022-11-23T08:15:56 IST" skipped="0">
  <testcase classname="Report.TestClass1" name="noDetails" time="7.102"/>
  <system-out/>
  <testcase classname="Report.TestClass1" name="validCredentials" time="7.311"/>
  <system-out/>
  <testcase classname="Report.TestClass1" name="InvalidUsernameInvalidPassword" time="4.392"/>
  <system-out/>
  <testcase classname="Report.TestClass1" name="validUsernameInvalidPassword" time="4.819"/>
  <system-out/>
  <testcase classname="Report.TestClass1" name="InvalidUsernamevalidPassword" time="4.625"/>
  <system-out/>
</testsuite> <!-- Report.TestClass1 -->
