<?xml version="1.0" encoding="UTF-8"?>
<!-- Generated by org.testng.reporters.JUnitReportReporter -->
<testsuite hostname="WKWZTe4PEuMmcft" failures="0" tests="2" name="Report.MyFirstTestNG" time="0.003" errors="0" timestamp="2022-11-23T08:15:56 IST" skipped="0">
  <testcase classname="Report.MyFirstTestNG" name="login" time="0.003"/>
  <system-out>
    <![CDATA[Login Done]]>
  </system-out>
  <testcase classname="Report.MyFirstTestNG" name="logoutFormApplication" time="0.000"/>
  <system-out/>
</testsuite> <!-- Report.MyFirstTestNG -->
