<?xml version="1.0" encoding="UTF-8"?>
<!-- Generated by org.testng.reporters.JUnitReportReporter -->
<testsuite hostname="WKWZTe4PEuMmcft" failures="0" tests="1" name="DAY5.BrowserStack1stPgm" time="13.965" errors="0" timestamp="2022-11-24T13:12:28 IST" skipped="0">
  <testcase classname="DAY5.BrowserStack1stPgm" name="urlLink" time="13.965"/>
  <system-out/>
</testsuite> <!-- DAY5.BrowserStack1stPgm -->
