<?xml version="1.0" encoding="UTF-8"?>
<!-- Generated by org.testng.reporters.JUnitReportReporter -->
<testsuite hostname="WKWZTe4PEuMmcft" failures="0" tests="2" name="DAY3.MyFirstTestNG" time="0.009" errors="0" timestamp="2022-11-22T12:58:37 IST" skipped="0">
  <testcase classname="DAY3.MyFirstTestNG" name="login" time="0.008"/>
  <system-out>
    <![CDATA[Login Done]]>
  </system-out>
  <testcase classname="DAY3.MyFirstTestNG" name="logoutFormApplication" time="0.001"/>
  <system-out/>
</testsuite> <!-- DAY3.MyFirstTestNG -->
