<?xml version="1.0" encoding="UTF-8"?>
<!-- Generated by org.testng.reporters.JUnitReportReporter -->
<testsuite hostname="WKWZTe4PEuMmcft" failures="0" tests="1" name="DAY4.ReadingExcel" time="0.022" errors="0" timestamp="2022-11-23T12:05:42 IST" skipped="0">
  <testcase classname="DAY4.ReadingExcel" name="testData" time="0.022"/>
  <system-out/>
</testsuite> <!-- DAY4.ReadingExcel -->
