<?xml version="1.0" encoding="UTF-8"?>
<!-- Generated by org.testng.reporters.JUnitReportReporter -->
<testsuite hostname="WKWZTe4PEuMmcft" failures="0" tests="2" name="DAY3.LoginTest" time="18.346" errors="0" timestamp="2022-11-22T16:04:46 IST" skipped="0">
  <testcase classname="DAY3.LoginTest" name="validUsernameandPassword" time="7.753"/>
  <system-out/>
  <testcase classname="DAY3.LoginTest" name="invalidUsernameandPassword" time="10.593"/>
  <system-out/>
</testsuite> <!-- DAY3.LoginTest -->
