<?xml version="1.0" encoding="UTF-8"?>
<!-- Generated by org.testng.reporters.JUnitReportReporter -->
<testsuite hostname="WKWZTe4PEuMmcft" failures="0" tests="10" name="Report.TestClass1" time="46.287" errors="0" timestamp="2022-11-23T16:33:10 IST" skipped="0">
  <testcase classname="Report.TestClass1" name="validUsernameInvalidPassword" time="4.788"/>
  <system-out/>
  <testcase classname="Report.TestClass1" name="validCredentials" time="6.403"/>
  <system-out/>
  <testcase classname="Report.TestClass1" name="validCredentials" time="7.321"/>
  <system-out/>
  <testcase classname="Report.TestClass1" name="InvalidUsernameInvalidPassword" time="4.104"/>
  <system-out/>
  <testcase classname="Report.TestClass1" name="InvalidUsernameInvalidPassword" time="4.159"/>
  <system-out/>
  <testcase classname="Report.TestClass1" name="InvalidUsernamevalidPassword" time="4.154"/>
  <system-out/>
  <testcase classname="Report.TestClass1" name="noDetails" time="3.373"/>
  <system-out/>
  <testcase classname="Report.TestClass1" name="validUsernameInvalidPassword" time="4.374"/>
  <system-out/>
  <testcase classname="Report.TestClass1" name="noDetails" time="3.400"/>
  <system-out/>
  <testcase classname="Report.TestClass1" name="InvalidUsernamevalidPassword" time="4.211"/>
  <system-out/>
</testsuite> <!-- Report.TestClass1 -->
