<?xml version="1.0" encoding="UTF-8"?>
<!-- Generated by org.testng.reporters.JUnitReportReporter -->
<testsuite hostname="WKWZTe4PEuMmcft" failures="0" tests="3" name="DAY4.ExcelLogin" time="9.545" errors="0" timestamp="2022-11-23T16:33:10 IST" skipped="0">
  <testcase classname="DAY4.ExcelLogin" name="Test" time="3.135"/>
  <system-out/>
  <testcase classname="DAY4.ExcelLogin" name="Test" time="3.165"/>
  <system-out/>
  <testcase classname="DAY4.ExcelLogin" name="Test" time="3.245"/>
  <system-out/>
</testsuite> <!-- DAY4.ExcelLogin -->
