<?xml version="1.0" encoding="UTF-8"?>
<!-- Generated by org.testng.reporters.JUnitReportReporter -->
<testsuite hostname="WKWZTe4PEuMmcft" failures="0" tests="4" name="Report.LoginTest" time="33.587" errors="0" timestamp="2022-11-23T16:33:10 IST" skipped="0">
  <testcase classname="Report.LoginTest" name="validUsernameandPassword" time="8.162"/>
  <system-out/>
  <testcase classname="Report.LoginTest" name="invalidUsernameandPassword" time="9.240"/>
  <system-out/>
  <testcase classname="Report.LoginTest" name="invalidUsernameandPassword" time="9.379"/>
  <system-out/>
  <testcase classname="Report.LoginTest" name="validUsernameandPassword" time="6.806"/>
  <system-out/>
</testsuite> <!-- Report.LoginTest -->
